Сборка начата 06.03.2025 17:09:28.
Уровень детализации журнала: Normal.     1>Проект "C:\Users\HomeUser\Desktop\Курс 2\МП\Lab_02\Lab_02_1\Lab_02_1.vcxproj" в узле 2 (целевые объекты Build).
     1>PrepareForBuild:
         Структурированный вывод включен. Форматирование диагностики компилятора будет отражать иерархию ошибок. Подробнее см. https://aka.ms/cpp/structured-output.
       InitializeBuildStatus:
         Обращение к "x64\Debug\Lab_02_1.tlog\unsuccessfulbuild".
       ClCompile:
         C:\Program Files\Microsoft Visual Studio\2022\Community\VC\Tools\MSVC\14.43.34808\bin\HostX64\x64\CL.exe /c /ZI /JMC /nologo /W3 /WX- /diagnostics:column /sdl /Od /D _DEBUG /D _CONSOLE /D _UNICODE /D UNICODE /Gm- /EHsc /RTC1 /MDd /GS /fp:precise /Zc:wchar_t /Zc:forScope /Zc:inline /permissive- /Fo"x64\Debug\\" /Fd"x64\Debug\vc143.pdb" /external:W3 /Gd /TP /FC /errorReport:prompt Combi.cpp Lab_02_1.cpp
         Combi.cpp
         Lab_02_1.cpp
     1>C:\Users\HomeUser\Desktop\Курс 2\МП\Lab_02\Lab_02_1\Combi.cpp(52,37): warning C4334: <<: результат 32-разрядного смещения неявно преобразуется в 64-разрядное значение (предполагалось 64-разрядное смещение?)
         Создание кода...
       Link:
         C:\Program Files\Microsoft Visual Studio\2022\Community\VC\Tools\MSVC\14.43.34808\bin\HostX64\x64\link.exe /ERRORREPORT:PROMPT /OUT:"C:\Users\HomeUser\Desktop\Курс 2\МП\Lab_02\x64\Debug\Lab_02_1.exe" /INCREMENTAL /ILK:"x64\Debug\Lab_02_1.ilk" /NOLOGO kernel32.lib user32.lib gdi32.lib winspool.lib comdlg32.lib advapi32.lib shell32.lib ole32.lib oleaut32.lib uuid.lib odbc32.lib odbccp32.lib /MANIFEST /MANIFESTUAC:"level='asInvoker' uiAccess='false'" /manifest:embed /DEBUG /PDB:"C:\Users\HomeUser\Desktop\Курс 2\МП\Lab_02\x64\Debug\Lab_02_1.pdb" /SUBSYSTEM:CONSOLE /TLBID:1 /DYNAMICBASE /NXCOMPAT /IMPLIB:"C:\Users\HomeUser\Desktop\Курс 2\МП\Lab_02\x64\Debug\Lab_02_1.lib" /MACHINE:X64 x64\Debug\Combi.obj
         x64\Debug\Lab_02_1.obj
         Lab_02_1.vcxproj -> C:\Users\HomeUser\Desktop\Курс 2\МП\Lab_02\x64\Debug\Lab_02_1.exe
       FinalizeBuildStatus:
         Файл "x64\Debug\Lab_02_1.tlog\unsuccessfulbuild" удаляется.
         Обращение к "x64\Debug\Lab_02_1.tlog\Lab_02_1.lastbuildstate".
     1>Сборка проекта "C:\Users\HomeUser\Desktop\Курс 2\МП\Lab_02\Lab_02_1\Lab_02_1.vcxproj" завершена (целевые объекты Build).

Сборка успешно завершена.

       "C:\Users\HomeUser\Desktop\Курс 2\МП\Lab_02\Lab_02_1\Lab_02_1.vcxproj" (целевой объект Build ) (1) ->
       (Целевой объект ClCompile) -> 
         C:\Users\HomeUser\Desktop\Курс 2\МП\Lab_02\Lab_02_1\Combi.cpp(52,37): warning C4334: <<: результат 32-разрядного смещения неявно преобразуется в 64-разрядное значение (предполагалось 64-разрядное смещение?)

    Предупреждений: 1
    Ошибок: 0

Прошло времени 00:00:04.73
