Сборка начата 18.12.2024 13:09:05.
Уровень детализации журнала: Normal.     1>Проект "C:\Users\HomeUser\Desktop\ZAI-2024\ZAI-2024\ASM\ASM.vcxproj" в узле 2 (целевые объекты Build).
     1>PrepareForBuild:
         Структурированный вывод включен. Форматирование диагностики компилятора будет отражать иерархию ошибок. Подробнее см. https://aka.ms/cpp/structured-output.
       InitializeBuildStatus:
         Создание "Debug\ASM.tlog\unsuccessfulbuild", так как было задано "AlwaysCreate".
         Обращение к "Debug\ASM.tlog\unsuccessfulbuild".
       _MASM:
         Assembling Asm.asm...
         cmd.exe /C "C:\Users\HomeUser\AppData\Local\Temp\tmp96253a232672408582b346130ab48146.cmd"
         ml.exe /c /nologo /Zi /Fo"Debug\Asm.obj" /Fl"Debug\\" /W3 /errorReport:prompt  /TaAsm.asm
       Link:
         C:\Program Files\Microsoft Visual Studio\2022\Community\VC\Tools\MSVC\14.41.34120\bin\HostX86\x86\link.exe /ERRORREPORT:PROMPT /OUT:"C:\Users\HomeUser\Desktop\ZAI-2024\ZAI-2024\Debug\ASM.exe" /INCREMENTAL /ILK:"Debug\ASM.ilk" /NOLOGO kernel32.lib user32.lib gdi32.lib winspool.lib comdlg32.lib advapi32.lib shell32.lib ole32.lib oleaut32.lib uuid.lib odbc32.lib odbccp32.lib /MANIFEST /MANIFESTUAC:"level='asInvoker' uiAccess='false'" /manifest:embed /DEBUG /PDB:"C:\Users\HomeUser\Desktop\ZAI-2024\ZAI-2024\Debug\ASM.pdb" /SUBSYSTEM:CONSOLE /TLBID:1 /DYNAMICBASE /NXCOMPAT /IMPLIB:"C:\Users\HomeUser\Desktop\ZAI-2024\ZAI-2024\Debug\ASM.lib" /MACHINE:X86 Debug\Asm.obj
         ASM.vcxproj -> C:\Users\HomeUser\Desktop\ZAI-2024\ZAI-2024\Debug\ASM.exe
       FinalizeBuildStatus:
         Файл "Debug\ASM.tlog\unsuccessfulbuild" удаляется.
         Обращение к "Debug\ASM.tlog\ASM.lastbuildstate".
     1>Сборка проекта "C:\Users\HomeUser\Desktop\ZAI-2024\ZAI-2024\ASM\ASM.vcxproj" завершена (целевые объекты Build).

Сборка успешно завершена.
    Предупреждений: 0
    Ошибок: 0

Прошло времени 00:00:01.30
