Сборка начата 03.04.2025 18:36:56.
Уровень детализации журнала: Normal.     1>Проект "C:\Users\HomeUser\Desktop\Курс 2\Семестр 2\МП\Lab_04\Lab_04\Lab_04_5\Lab_04_5.vcxproj" в узле 2 (целевые объекты Build).
     1>PrepareForBuild:
         Структурированный вывод включен. Форматирование диагностики компилятора будет отражать иерархию ошибок. Подробнее см. https://aka.ms/cpp/structured-output.
       InitializeBuildStatus:
         Создание "x64\Debug\Lab_04_5.tlog\unsuccessfulbuild", так как было задано "AlwaysCreate".
         Обращение к "x64\Debug\Lab_04_5.tlog\unsuccessfulbuild".
       ClCompile:
         C:\Program Files\Microsoft Visual Studio\2022\Community\VC\Tools\MSVC\14.43.34808\bin\HostX64\x64\CL.exe /c /ZI /JMC /nologo /W3 /WX- /diagnostics:column /sdl /Od /D _DEBUG /D _CONSOLE /D _UNICODE /D UNICODE /Gm- /EHsc /RTC1 /MDd /GS /fp:precise /Zc:wchar_t /Zc:forScope /Zc:inline /permissive- /Fo"x64\Debug\\" /Fd"x64\Debug\vc143.pdb" /external:W3 /Gd /TP /FC /errorReport:prompt Lab_04_5.cpp
         Lab_04_5.cpp
       Link:
         C:\Program Files\Microsoft Visual Studio\2022\Community\VC\Tools\MSVC\14.43.34808\bin\HostX64\x64\link.exe /ERRORREPORT:PROMPT /OUT:"C:\Users\HomeUser\Desktop\Курс 2\Семестр 2\МП\Lab_04\Lab_04\x64\Debug\Lab_04_5.exe" /INCREMENTAL /ILK:"x64\Debug\Lab_04_5.ilk" /NOLOGO kernel32.lib user32.lib gdi32.lib winspool.lib comdlg32.lib advapi32.lib shell32.lib ole32.lib oleaut32.lib uuid.lib odbc32.lib odbccp32.lib /MANIFEST /MANIFESTUAC:"level='asInvoker' uiAccess='false'" /manifest:embed /DEBUG /PDB:"C:\Users\HomeUser\Desktop\Курс 2\Семестр 2\МП\Lab_04\Lab_04\x64\Debug\Lab_04_5.pdb" /SUBSYSTEM:CONSOLE /TLBID:1 /DYNAMICBASE /NXCOMPAT /IMPLIB:"C:\Users\HomeUser\Desktop\Курс 2\Семестр 2\МП\Lab_04\Lab_04\x64\Debug\Lab_04_5.lib" /MACHINE:X64 x64\Debug\Lab_04_5.obj
         x64\Debug\LCS.obj
         Lab_04_5.vcxproj -> C:\Users\HomeUser\Desktop\Курс 2\Семестр 2\МП\Lab_04\Lab_04\x64\Debug\Lab_04_5.exe
       FinalizeBuildStatus:
         Файл "x64\Debug\Lab_04_5.tlog\unsuccessfulbuild" удаляется.
         Обращение к "x64\Debug\Lab_04_5.tlog\Lab_04_5.lastbuildstate".
     1>Сборка проекта "C:\Users\HomeUser\Desktop\Курс 2\Семестр 2\МП\Lab_04\Lab_04\Lab_04_5\Lab_04_5.vcxproj" завершена (целевые объекты Build).

Сборка успешно завершена.
    Предупреждений: 0
    Ошибок: 0

Прошло времени 00:00:02.32
