Microsoft (R) Macro Assembler Version 14.41.34123.0	    12/13/24 19:02:28
asm02.asm						     Page 1 - 1


				.586
				.model flat, stdcall
				includelib kernel32.lib

				ExitProcess PROTO : DWORD
				MessageBoxA PROTO: DWORD, :DWORD, :DWORD, :DWORD

				.stack 4096
 00000000			.const
 00000000			.data
 = 00000000			MB_OK EQU 0
 00000000 CC EE FF 20 E2	STR1 DB "Моя вторая программа", 0
	   F2 EE F0 E0 FF
	   20 EF F0 EE E3
	   F0 E0 EC EC E0
	   00
 00000015 D0 E5 E7 F3 EB	STR2 DB "Результат сложения = ", 0
	   FC F2 E0 F2 20
	   F1 EB EE E6 E5
	   ED E8 FF 20 3D
	   20 00
 0000002B 00000000		HW DD ?
				 
 00000000			.code

 00000000			main PROC

 00000000  66| B8 0002				MOV ax, 2
 00000004  66| 83 C0 04				ADD ax, 4
 00000008  66| 83 C0 30				ADD ax, 30h					; Преобразуем число в ASCII-символ, добавляя 30h (код '0')
 0000000C  BB 00000015				MOV ebx, LENGTHOF STR2 - 1	; Вычисляем адрес конца строки "Результат сложения = "
 00000011  88 83 00000015 R			MOV [STR2 + ebx], al		; Копируем младший байт регистра AX (AL) в конец строки STR2

						INVOKE MessageBoxA, HW, OFFSET STR2, OFFSET STR1, MB_OK

 0000002E  6A 00				push 0
 00000030  E8 00000000 E			call ExitProcess
 00000035				main ENDP
				end main
Microsoft (R) Macro Assembler Version 14.41.34123.0	    12/13/24 19:02:28
asm02.asm						     Symbols 2 - 1




Segments and Groups:

                N a m e                 Size     Length   Align   Combine Class

CONST  . . . . . . . . . . . . .	32 Bit	 00000000 Para	  Public  'CONST'	 ReadOnly
FLAT . . . . . . . . . . . . . .	GROUP
STACK  . . . . . . . . . . . . .	32 Bit	 00001000 Para	  Stack	  'STACK'	 
_DATA  . . . . . . . . . . . . .	32 Bit	 0000002F Para	  Public  'DATA'	
_TEXT  . . . . . . . . . . . . .	32 Bit	 00000035 Para	  Public  'CODE'	


Procedures, parameters, and locals:

                N a m e                 Type     Value    Attr

ExitProcess  . . . . . . . . . .	P Near	 00000000 FLAT	Length= 00000000 External STDCALL
MessageBoxA  . . . . . . . . . .	P Near	 00000000 FLAT	Length= 00000000 External STDCALL
main . . . . . . . . . . . . . .	P Near	 00000000 _TEXT	Length= 00000035 Public STDCALL


Symbols:

                N a m e                 Type     Value    Attr

@CodeSize  . . . . . . . . . . .	Number	 00000000h   
@DataSize  . . . . . . . . . . .	Number	 00000000h   
@Interface . . . . . . . . . . .	Number	 00000003h   
@Model . . . . . . . . . . . . .	Number	 00000007h   
@code  . . . . . . . . . . . . .	Text   	 _TEXT
@data  . . . . . . . . . . . . .	Text   	 FLAT
@fardata?  . . . . . . . . . . .	Text   	 FLAT
@fardata . . . . . . . . . . . .	Text   	 FLAT
@stack . . . . . . . . . . . . .	Text   	 FLAT
HW . . . . . . . . . . . . . . .	DWord	 0000002B _DATA	
MB_OK  . . . . . . . . . . . . .	Number	 00000000h   
STR1 . . . . . . . . . . . . . .	Byte	 00000000 _DATA	
STR2 . . . . . . . . . . . . . .	Byte	 00000015 _DATA	

	   0 Warnings
	   0 Errors
