Сборка начата 16.03.2024 11:10:56.
Уровень детализации журнала: Normal.     1>Проект "C:\Users\HomeUser\Desktop\АСД\Lab_06\Lab_06\Lab_06.vcxproj" в узле 2 (целевые объекты Build).
     1>PrepareForBuild:
         Структурированный вывод включен. Форматирование диагностики компилятора будет отражать иерархию ошибок. Подробнее см. https://aka.ms/cpp/structured-output.
       InitializeBuildStatus:
         Создание "x64\Debug\Lab_06.tlog\unsuccessfulbuild", так как было задано "AlwaysCreate".
         Обращение к "x64\Debug\Lab_06.tlog\unsuccessfulbuild".
       ClCompile:
         Для всех выходных данных обновления не требуется.
       Link:
         C:\Program Files\Microsoft Visual Studio\2022\Community\VC\Tools\MSVC\14.39.33519\bin\HostX64\x64\link.exe /ERRORREPORT:PROMPT /OUT:"C:\Users\HomeUser\Desktop\АСД\Lab_06\x64\Debug\Lab_06.exe" /INCREMENTAL /ILK:"x64\Debug\Lab_06.ilk" /NOLOGO kernel32.lib user32.lib gdi32.lib winspool.lib comdlg32.lib advapi32.lib shell32.lib ole32.lib oleaut32.lib uuid.lib odbc32.lib odbccp32.lib /MANIFEST /MANIFESTUAC:"level='asInvoker' uiAccess='false'" /manifest:embed /DEBUG /PDB:"C:\Users\HomeUser\Desktop\АСД\Lab_06\x64\Debug\Lab_06.pdb" /SUBSYSTEM:CONSOLE /TLBID:1 /DYNAMICBASE /NXCOMPAT /IMPLIB:"C:\Users\HomeUser\Desktop\АСД\Lab_06\x64\Debug\Lab_06.lib" /MACHINE:X64 x64\Debug\Lab_06.obj
         Lab_06.vcxproj -> C:\Users\HomeUser\Desktop\АСД\Lab_06\x64\Debug\Lab_06.exe
       FinalizeBuildStatus:
         Файл "x64\Debug\Lab_06.tlog\unsuccessfulbuild" удаляется.
         Обращение к "x64\Debug\Lab_06.tlog\Lab_06.lastbuildstate".
     1>Сборка проекта "C:\Users\HomeUser\Desktop\АСД\Lab_06\Lab_06\Lab_06.vcxproj" завершена (целевые объекты Build).

Сборка успешно завершена.
    Предупреждений: 0
    Ошибок: 0

Прошло времени 00:00:01.93
