Сборка начата 20.12.2024 20:25:07.
Уровень детализации журнала: Normal.     1>Проект "C:\Users\HomeUser\Desktop\КПО\SE_Asm03\SE_Asm03\SE_Asm03.vcxproj" в узле 2 (целевые объекты Build).
     1>PrepareForBuild:
         Структурированный вывод включен. Форматирование диагностики компилятора будет отражать иерархию ошибок. Подробнее см. https://aka.ms/cpp/structured-output.
       InitializeBuildStatus:
         Создание "Debug\SE_Asm03.tlog\unsuccessfulbuild", так как было задано "AlwaysCreate".
         Обращение к "Debug\SE_Asm03.tlog\unsuccessfulbuild".
       _MASM:
         Assembling asm03.asm...
         cmd.exe /C "C:\Users\HomeUser\AppData\Local\Temp\tmp415617e9467a4303a470be8813e61aa9.cmd"
         ml.exe /c /nologo /Zi /Fo"Debug\asm03.obj" /Fl"Debug\\" /W3 /errorReport:prompt  /Taasm03.asm
       Link:
         C:\Program Files\Microsoft Visual Studio\2022\Community\VC\Tools\MSVC\14.41.34120\bin\HostX86\x86\link.exe /ERRORREPORT:PROMPT /OUT:"C:\Users\HomeUser\Desktop\КПО\SE_Asm03\Debug\SE_Asm03.exe" /INCREMENTAL /ILK:"Debug\SE_Asm03.ilk" /NOLOGO kernel32.lib user32.lib gdi32.lib winspool.lib comdlg32.lib advapi32.lib shell32.lib ole32.lib oleaut32.lib uuid.lib odbc32.lib odbccp32.lib /MANIFEST /MANIFESTUAC:"level='asInvoker' uiAccess='false'" /manifest:embed /DEBUG /PDB:"C:\Users\HomeUser\Desktop\КПО\SE_Asm03\Debug\SE_Asm03.pdb" /SUBSYSTEM:WINDOWS /TLBID:1 /DYNAMICBASE /NXCOMPAT /IMPLIB:"C:\Users\HomeUser\Desktop\КПО\SE_Asm03\Debug\SE_Asm03.lib" /MACHINE:X86 Debug\asm03.obj
         SE_Asm03.vcxproj -> C:\Users\HomeUser\Desktop\КПО\SE_Asm03\Debug\SE_Asm03.exe
       FinalizeBuildStatus:
         Файл "Debug\SE_Asm03.tlog\unsuccessfulbuild" удаляется.
         Обращение к "Debug\SE_Asm03.tlog\SE_Asm03.lastbuildstate".
     1>Сборка проекта "C:\Users\HomeUser\Desktop\КПО\SE_Asm03\SE_Asm03\SE_Asm03.vcxproj" завершена (целевые объекты Build).

Сборка успешно завершена.
    Предупреждений: 0
    Ошибок: 0

Прошло времени 00:00:01.82
