Microsoft (R) Macro Assembler (x64) Version 14.41.34123.0   12/13/24 13:31:25
asm03.asm						     Page 1 - 1


				.586
asm03.asm(1) : error A2008:syntax error : .
				.model flat,stdcall
asm03.asm(2) : error A2008:syntax error : .
				includelib kernel32.lib

				ExitProcess PROTO : DWORD
				MessageBoxA PROTO : DWORD, : DWORD, : DWORD, : DWORD

				.stack 4096
asm03.asm(8) : error A2008:syntax error : .
 00000000			.const
 00000000			.data
 00000000 00000001		myDoubles DWORD 1, 2, 3, 4, 5, 6
	   00000002
	   00000003
	   00000004
	   00000005
	   00000006
 00000018 05 09 06 00 01	Arr BYTE 5, 9, 6, 0, 1, 7, 3
	   07 03
 = 00000000			MB_OK	EQU 0  

 0000001F C0 F1 F1 E5 EC	STR1	DB "Ассемблер 3", 0 
	   E1 EB E5 F0 20
	   33 00
 0000002B CC E0 F1 F1 E8	STR2	DB "Массив содержит нулевой элемент", 0 
	   E2 20 F1 EE E4
	   E5 F0 E6 E8 F2
	   20 ED F3 EB E5
	   E2 EE E9 20 FD
	   EB E5 EC E5 ED
	   F2 00
 0000004B CC E0 F1 F1 E8	STR3	DB "Массив не содержит нулевой элемент", 0 
	   E2 20 ED E5 20
	   F1 EE E4 E5 F0
	   E6 E8 F2 20 ED
	   F3 EB E5 E2 EE
	   E9 20 FD EB E5
	   EC E5 ED F2 00
 0000006E 00000000		HW		DD ?  

 00000000			.code

 00000000			main PROC
 00000000			START:
 00000000  BE 00000000			mov ESI, 0
					mov EAX, myDoubles[ESI + 4]
asm03.asm(25) : error A2229:cannot use labels and 32-bit addressing in the same expression
 00000005  8B 96 00000000 R		mov EDX, [myDoubles + ESI]

 0000000B  33 C0			xor EAX, EAX  ; Обнуление регистра EAX.
 0000000D  33 DB			xor EBX, EBX  ; Обнуление регистра EBX.

 0000000F  02 05 00000018 R		add AL, [Arr]	
 00000015  02 05 00000019 R		add AL, [Arr + 1]
 0000001B  02 05 0000001A R		add AL, [Arr + 2]
 00000021  02 05 0000001B R		add AL, [Arr + 3]
 00000027  02 05 0000001C R		add AL, [Arr + 4]
 0000002D  02 05 0000001D R		add AL, [Arr + 5]
 00000033  02 05 0000001E R		add AL, [Arr + 6]

 00000039  33 C0			xor EAX, EAX  ; Обнуление регистра EAX.
 0000003B  B9 00000007			mov ECX, LENGTHOF Arr  ; Загрузка длины массива байтов в регистр ECX.
 00000040  BB 00000001			mov EBX, 1  ; Установка значения EBX в 1.

 00000050				CYCLE:
 00000050  80 B8 00000018 R		cmp [Arr + EAX], 0  ; Сравнение значения элемента массива байтов с 0.
	   00
 00000057  74 02			je TRUE  ; Если равно 0, переход к метке TRUE.
 00000059  75 07			jne FALSE  ; Если не равно 0, переход к метке FALSE.

 0000005B			TRUE:
 0000005B  BB 00000000			mov EBX, 0  ; Установка значения EBX в 0.
					invoke MessageBoxA, HW, OFFSET STR2, OFFSET STR1, MB_OK 
asm03.asm(50) : error A2008:syntax error : MessageBoxA
 00000060  EB 05			jmp ENDOFCYCLE  ; Переход к метке ENDOFCYCLE.

 00000062			FALSE:
 00000062  83 C0 01			add EAX, 1  ; Увеличение значения регистра EAX на 1.
 00000065  E2 E9			loop CYCLE  ; Повторение цикла, пока значение регистра ECX не станет равным 0.

 00000067			ENDOFCYCLE:

 00000067  83 FB 01			cmp EBX, 1  ; Сравнение значения EBX с 1.
 0000006A  74 02			je CHECKF  ; Если равно 1, переход к метке CHECKF.
 0000006C  75 00			jne CHECKT  ; Если не равно 1, переход к метке CHECKT.

 0000006E			CHECKF:
					invoke MessageBoxA, HW, OFFSET STR3, OFFSET STR1, MB_OK  
asm03.asm(64) : error A2008:syntax error : MessageBoxA

 0000006E			CHECKT:

 0000006E  6A 00			push 0  
 00000070  E8 00000000 E		CALL ExitProcess 

 00000075			main ENDP 
				end main  
Microsoft (R) Macro Assembler (x64) Version 14.41.34123.0   12/13/24 13:31:25
asm03.asm						     Symbols 2 - 1




Segments:

                N a m e                  Length   Align   Class

CONST  . . . . . . . . . . . . .	 00000000 16	  'CONST'	 ReadOnly


Procedures, parameters, and locals:

                N a m e                 Type     Value    Attr

ExitProcess  . . . . . . . . . .	P 	 00000000 Length= 00000000 External
MessageBoxA  . . . . . . . . . .	P 	 00000000 Length= 00000000 External
main . . . . . . . . . . . . . .	P 	 00000000 _TEXT	Length= 00000075 Public
  START  . . . . . . . . . . . .	L 	 00000000 _TEXT	
  CYCLE  . . . . . . . . . . . .	L 	 00000050 _TEXT	
  TRUE . . . . . . . . . . . . .	L 	 0000005B _TEXT	
  FALSE  . . . . . . . . . . . .	L 	 00000062 _TEXT	
  ENDOFCYCLE . . . . . . . . . .	L 	 00000067 _TEXT	
  CHECKF . . . . . . . . . . . .	L 	 0000006E _TEXT	
  CHECKT . . . . . . . . . . . .	L 	 0000006E _TEXT	


Symbols:

                N a m e                 Type     Value    Attr

Arr  . . . . . . . . . . . . . .	Byte	 00000018 _DATA	
HW . . . . . . . . . . . . . . .	DWord	 0000006E _DATA	
MB_OK  . . . . . . . . . . . . .	Number	 00000000h   
STR1 . . . . . . . . . . . . . .	Byte	 0000001F _DATA	
STR2 . . . . . . . . . . . . . .	Byte	 0000002B _DATA	
STR3 . . . . . . . . . . . . . .	Byte	 0000004B _DATA	
myDoubles  . . . . . . . . . . .	DWord	 00000000 _DATA	

	   0 Warnings
	   8 Errors
