Сборка начата 16.03.2024 11:29:29.
Уровень детализации журнала: Normal.     1>Проект "C:\Users\HomeUser\Desktop\АСД\Lab_04\Lab_04\Lab_04.vcxproj" в узле 2 (целевые объекты Build).
     1>PrepareForBuild:
         Структурированный вывод включен. Форматирование диагностики компилятора будет отражать иерархию ошибок. Подробнее см. https://aka.ms/cpp/structured-output.
       InitializeBuildStatus:
         Создание "x64\Debug\Lab_04.tlog\unsuccessfulbuild", так как было задано "AlwaysCreate".
         Обращение к "x64\Debug\Lab_04.tlog\unsuccessfulbuild".
       ClCompile:
         Для всех выходных данных обновления не требуется.
       Link:
         Для всех выходных данных обновления не требуется.
         Lab_04.vcxproj -> C:\Users\HomeUser\Desktop\АСД\Lab_04\x64\Debug\Lab_04.exe
       FinalizeBuildStatus:
         Файл "x64\Debug\Lab_04.tlog\unsuccessfulbuild" удаляется.
         Обращение к "x64\Debug\Lab_04.tlog\Lab_04.lastbuildstate".
     1>Сборка проекта "C:\Users\HomeUser\Desktop\АСД\Lab_04\Lab_04\Lab_04.vcxproj" завершена (целевые объекты Build).

Сборка успешно завершена.
    Предупреждений: 0
    Ошибок: 0

Прошло времени 00:00:00.28
