c:\users\homeuser\desktop\курсовой проект\zai-2024\zai-2024\debug\vc143.pdb
c:\users\homeuser\desktop\курсовой проект\zai-2024\zai-2024\debug\vc143.idb
c:\users\homeuser\desktop\курсовой проект\zai-2024\zai-2024\debug\zai-2024.obj
c:\users\homeuser\desktop\курсовой проект\zai-2024\zai-2024\debug\semantic.obj
c:\users\homeuser\desktop\курсовой проект\zai-2024\zai-2024\debug\polishnotation.obj
c:\users\homeuser\desktop\курсовой проект\zai-2024\zai-2024\debug\mfst.obj
c:\users\homeuser\desktop\курсовой проект\zai-2024\zai-2024\debug\lexer.obj
c:\users\homeuser\desktop\курсовой проект\zai-2024\zai-2024\debug\lt.obj
c:\users\homeuser\desktop\курсовой проект\zai-2024\zai-2024\debug\it.obj
c:\users\homeuser\desktop\курсовой проект\zai-2024\zai-2024\debug\generation.obj
c:\users\homeuser\desktop\курсовой проект\zai-2024\zai-2024\debug\fst.obj
c:\users\homeuser\desktop\курсовой проект\zai-2024\zai-2024\debug\error.obj
c:\users\homeuser\desktop\курсовой проект\zai-2024\zai-2024\debug\parm.obj
c:\users\homeuser\desktop\курсовой проект\zai-2024\zai-2024\debug\log.obj
c:\users\homeuser\desktop\курсовой проект\zai-2024\zai-2024\debug\in.obj
c:\users\homeuser\desktop\курсовой проект\zai-2024\zai-2024\debug\greibach.obj
c:\users\homeuser\desktop\курсовой проект\zai-2024\debug\zai-2024.exe
c:\users\homeuser\desktop\курсовой проект\zai-2024\debug\zai-2024.pdb
c:\users\homeuser\desktop\курсовой проект\zai-2024\zai-2024\debug\zai-2024.ilk
c:\users\homeuser\desktop\курсовой проект\zai-2024\zai-2024\debug\generation.obj.enc
c:\users\homeuser\desktop\курсовой проект\zai-2024\zai-2024\debug\zai-2024.tlog\cl.command.1.tlog
c:\users\homeuser\desktop\курсовой проект\zai-2024\zai-2024\debug\zai-2024.tlog\cl.items.tlog
c:\users\homeuser\desktop\курсовой проект\zai-2024\zai-2024\debug\zai-2024.tlog\cl.read.1.tlog
c:\users\homeuser\desktop\курсовой проект\zai-2024\zai-2024\debug\zai-2024.tlog\cl.write.1.tlog
c:\users\homeuser\desktop\курсовой проект\zai-2024\zai-2024\debug\zai-2024.tlog\link.command.1.tlog
c:\users\homeuser\desktop\курсовой проект\zai-2024\zai-2024\debug\zai-2024.tlog\link.read.1.tlog
c:\users\homeuser\desktop\курсовой проект\zai-2024\zai-2024\debug\zai-2024.tlog\link.secondary.1.tlog
c:\users\homeuser\desktop\курсовой проект\zai-2024\zai-2024\debug\zai-2024.tlog\link.write.1.tlog
